<?xml version="1.0" encoding="UTF-8"?>
<!-- Generated by org.testng.reporters.JUnitReportReporter -->
<testsuite hostname="Keshavaraj" failures="0" tests="1" name="taskbased.VerifyTheForntSize" time="49.195" errors="0" timestamp="2023-01-28T00:02:58 IST" skipped="0">
  <testcase classname="taskbased.VerifyTheForntSize" name="flikarttests" time="49.195"/>
  <system-out/>
</testsuite> <!-- taskbased.VerifyTheForntSize -->
