<?xml version="1.0" encoding="UTF-8"?>
<!-- Generated by org.testng.reporters.JUnitReportReporter -->
<testsuite hostname="Keshavaraj" failures="0" tests="1" name="generalstore.GeneralStorelaunch" time="11.716" errors="0" timestamp="2023-01-27T22:04:48 IST" skipped="0">
  <testcase classname="generalstore.GeneralStorelaunch" name="launch" time="11.716"/>
  <system-out/>
</testsuite> <!-- generalstore.GeneralStorelaunch -->
