<?xml version="1.0" encoding="UTF-8"?>
<!-- Generated by org.testng.reporters.JUnitReportReporter -->
<testsuite hostname="Keshavaraj" failures="0" tests="1" name="taskbased.GetAmazonsuggessionProduct" time="57.039" errors="0" timestamp="2023-02-02T11:45:18 IST" skipped="0">
  <testcase classname="taskbased.GetAmazonsuggessionProduct" name="getproduct" time="57.039"/>
  <system-out/>
</testsuite> <!-- taskbased.GetAmazonsuggessionProduct -->
