<?xml version="1.0" encoding="UTF-8"?>
<!-- Generated by org.testng.reporters.JUnitReportReporter -->
<testsuite hostname="Keshavaraj" failures="0" tests="1" name="generalstore.SwitchToNativeAppToWebApp" time="81.721" errors="0" timestamp="2023-01-27T22:26:45 IST" skipped="0">
  <testcase classname="generalstore.SwitchToNativeAppToWebApp" name="webapp" time="81.721"/>
  <system-out/>
</testsuite> <!-- generalstore.SwitchToNativeAppToWebApp -->
