<?xml version="1.0" encoding="UTF-8"?>
<!-- Generated by org.testng.reporters.JUnitReportReporter -->
<testsuite hostname="Keshavaraj" failures="0" tests="1" name="taskbased.SwitchToNativeAppToWebApp" time="64.754" errors="0" timestamp="2023-02-02T13:07:32 IST" skipped="0">
  <testcase classname="taskbased.SwitchToNativeAppToWebApp" name="webapp" time="64.754"/>
  <system-out/>
</testsuite> <!-- taskbased.SwitchToNativeAppToWebApp -->
