<?xml version="1.0" encoding="UTF-8"?>
<!-- Generated by org.testng.reporters.JUnitReportReporter -->
<testsuite hostname="Keshavaraj" failures="0" tests="1" name="generalstore.GeneralstoreLoginTest" time="17.736" errors="0" timestamp="2023-03-13T21:51:27 IST" skipped="0">
  <testcase classname="generalstore.GeneralstoreLoginTest" name="LoginTest" time="17.736"/>
  <system-out/>
</testsuite> <!-- generalstore.GeneralstoreLoginTest -->
